<?xml version="1.0" encoding="utf-8"?><testsuites name="pytest tests"><testsuite name="pytest" errors="0" failures="0" skipped="0" tests="26" time="5.037" timestamp="2026-04-27T05:14:40.688441+00:00" hostname="agent-env-13f75c32-e763-4632-9a00-939e096a2989"><testcase classname="backend.tests.backend_test.TestAuth" name="test_login_success" time="0.549" /><testcase classname="backend.tests.backend_test.TestAuth" name="test_login_wrong_password" time="0.365" /><testcase classname="backend.tests.backend_test.TestAuth" name="test_me_with_token" time="0.492" /><testcase classname="backend.tests.backend_test.TestAuth" name="test_me_without_token" time="0.156" /><testcase classname="backend.tests.backend_test.TestCountries" name="test_countries_list" time="0.102" /><testcase classname="backend.tests.backend_test.TestCountries" name="test_countries_requires_auth" time="0.158" /><testcase classname="backend.tests.backend_test.TestSettings" name="test_get_settings_defaults" time="0.107" /><testcase classname="backend.tests.backend_test.TestSettings" name="test_put_settings_persists" time="0.537" /><testcase classname="backend.tests.backend_test.TestCalculate" name="test_calc_usa_5kg_nondoc" time="0.102" /><testcase classname="backend.tests.backend_test.TestCalculate" name="test_calc_uk_05kg_document" time="0.114" /><testcase classname="backend.tests.backend_test.TestCalculate" name="test_calc_uae_45kg_with_surcharges" time="0.101" /><testcase classname="backend.tests.backend_test.TestCalculate" name="test_calc_unknown_country" time="0.095" /><testcase classname="backend.tests.backend_test.TestCalculate" name="test_calc_volumetric_gt_actual" time="0.108" /><testcase classname="backend.tests.backend_test.TestCalculate" name="test_calc_over_30kg_uses_multiplier" time="0.105" /><testcase classname="backend.tests.backend_test.TestCalculate" name="test_calc_requires_auth" time="0.103" /><testcase classname="backend.tests.backend_test.TestFedexCountries" name="test_fedex_countries" time="0.101" /><testcase classname="backend.tests.backend_test.TestFedexCountries" name="test_fedex_countries_requires_auth" time="0.101" /><testcase classname="backend.tests.backend_test.TestFedexSettings" name="test_settings_has_fedex_fields" time="0.110" /><testcase classname="backend.tests.backend_test.TestFedexSettings" name="test_put_settings_fedex_persists" time="0.436" /><testcase classname="backend.tests.backend_test.TestFedexCalculate" name="test_fedex_usa_5kg_package" time="0.105" /><testcase classname="backend.tests.backend_test.TestFedexCalculate" name="test_fedex_uk_envelope" time="0.119" /><testcase classname="backend.tests.backend_test.TestFedexCalculate" name="test_fedex_with_overrides" time="0.106" /><testcase classname="backend.tests.backend_test.TestFedexCalculate" name="test_fedex_75kg_multiplier" time="0.112" /><testcase classname="backend.tests.backend_test.TestFedexCalculate" name="test_fedex_envelope_3kg_switches_to_package" time="0.111" /><testcase classname="backend.tests.backend_test.TestFedexCalculate" name="test_fedex_unknown_country" time="0.123" /><testcase classname="backend.tests.backend_test.TestFedexCalculate" name="test_fedex_requires_auth" time="0.114" /></testsuite></testsuites>